[2017-06-21 10:28:22.131] [jointLog] [info] parsing read library format
[2017-06-21 10:28:22.131] [jointLog] [info] There is 1 library.
[2017-06-21 10:28:22.206] [jointLog] [info] Loading Quasi index
[2017-06-21 10:28:22.207] [jointLog] [info] Loading 32-bit quasi index
[2017-06-21 10:28:30.236] [jointLog] [info] done
[2017-06-21 10:28:30.236] [jointLog] [info] Index contained 199324 targets
[2017-06-21 10:29:24.413] [fileLog] [info] 
At end of round 0
==================
Observed 6398554 total fragments (6398554 in most recent round)

[2017-06-21 10:29:24.412] [jointLog] [info] Computed 78868 rich equivalence classes for further processing
[2017-06-21 10:29:24.412] [jointLog] [info] Counted 3658699 total reads in the equivalence classes 
[2017-06-21 10:29:24.434] [jointLog] [warning] Only 3658699 fragments were mapped, but the number of burn-in fragments was set to 5000000.
The effective lengths have been computed using the observed mappings.

[2017-06-21 10:29:24.434] [jointLog] [info] Mapping rate = 57.1801%

[2017-06-21 10:29:24.434] [jointLog] [info] finished quantifyLibrary()
[2017-06-21 10:29:24.442] [jointLog] [info] Starting optimizer
[2017-06-21 10:29:24.530] [jointLog] [info] Marked 0 weighted equivalence classes as degenerate
[2017-06-21 10:29:24.535] [jointLog] [info] iteration = 0 | max rel diff. = 12.0798
[2017-06-21 10:29:24.916] [jointLog] [info] iteration = 100 | max rel diff. = 0.107072
[2017-06-21 10:29:25.282] [jointLog] [info] iteration = 200 | max rel diff. = 0.0498991
[2017-06-21 10:29:25.643] [jointLog] [info] iteration = 300 | max rel diff. = 0.0349887
[2017-06-21 10:29:26.005] [jointLog] [info] iteration = 400 | max rel diff. = 0.0280496
[2017-06-21 10:29:26.369] [jointLog] [info] iteration = 500 | max rel diff. = 0.0230379
[2017-06-21 10:29:26.735] [jointLog] [info] iteration = 600 | max rel diff. = 0.0159311
[2017-06-21 10:29:27.103] [jointLog] [info] iteration = 700 | max rel diff. = 0.015683
[2017-06-21 10:29:27.474] [jointLog] [info] iteration = 800 | max rel diff. = 0.0156832
[2017-06-21 10:29:27.847] [jointLog] [info] iteration = 900 | max rel diff. = 0.0116969
[2017-06-21 10:29:28.226] [jointLog] [info] iteration = 1000 | max rel diff. = 0.0100438
[2017-06-21 10:29:28.455] [jointLog] [info] iteration = 1061 | max rel diff. = 0.00935991
[2017-06-21 10:29:28.470] [jointLog] [info] Finished optimizer
[2017-06-21 10:29:28.470] [jointLog] [info] writing output 

